/Users/samuelbrudner/Documents/GitHub/autoencoded-vocal-analysis/src/ava/models/lightning_vae.py:580: AMP/autocast is not supported on MPS; forcing precision='16-mixed' -> 32.
GPU available: True (mps), used: True
TPU available: False, using: 0 TPU cores
/opt/anaconda3/envs/ava/lib/python3.10/site-packages/pytorch_lightning/trainer/configuration_validator.py:70: You defined a `validation_step` but have no `val_dataloader`. Skipping val loop.

  | Name | Type | Params | Mode  | FLOPs
----------------------------------------------
0 | vae  | VAE  | 9.0 M  | train | 0    
----------------------------------------------
9.0 M     Trainable params
0         Non-trainable params
9.0 M     Total params
36.142    Total estimated model params size (MB)
63        Modules in train mode
0         Modules in eval mode
0         Total Flops
/opt/anaconda3/envs/ava/lib/python3.10/site-packages/pytorch_lightning/trainer/connectors/data_connector.py:429: Consider setting `persistent_workers=True` in 'train_dataloader' to speed up the dataloader worker initialization.
`Trainer.fit` stopped: `max_epochs=1` reached.

ROI duration preflight: {"compatible_fraction": 1.0, "max_duration_sec": 0.01161000000000012, "median_duration_sec": 0.01161000000000001, "min_duration_sec": 0.011609999999999898, "p05_duration_sec": 0.011609999999999898, "p95_duration_sec": 0.01161000000000012, "roi_segments_compatible": 99, "roi_segments_total": 99, "window_length_sec": 0.01}

Training: |          | 0/? [00:00<?, ?it/s]
Training: |          | 0/? [00:00<?, ?it/s]
Epoch 0:   0%|          | 0/64 [00:00<?, ?it/s]
Epoch 0:   2%|▏         | 1/64 [00:10<11:28,  0.09it/s]
Epoch 0:   2%|▏         | 1/64 [00:10<11:28,  0.09it/s, v_num=0]
Epoch 0:   3%|▎         | 2/64 [00:10<05:40,  0.18it/s, v_num=0]
Epoch 0:   3%|▎         | 2/64 [00:10<05:40,  0.18it/s, v_num=0]
Epoch 0:   5%|▍         | 3/64 [00:11<03:44,  0.27it/s, v_num=0]
Epoch 0:   5%|▍         | 3/64 [00:11<03:44,  0.27it/s, v_num=0]
Epoch 0:   6%|▋         | 4/64 [00:11<02:47,  0.36it/s, v_num=0]
Epoch 0:   6%|▋         | 4/64 [00:11<02:47,  0.36it/s, v_num=0]
Epoch 0:   8%|▊         | 5/64 [00:11<02:12,  0.45it/s, v_num=0]
Epoch 0:   8%|▊         | 5/64 [00:11<02:12,  0.45it/s, v_num=0]
Epoch 0:   9%|▉         | 6/64 [00:11<01:49,  0.53it/s, v_num=0]
Epoch 0:   9%|▉         | 6/64 [00:11<01:49,  0.53it/s, v_num=0]
Epoch 0:  11%|█         | 7/64 [00:11<01:32,  0.62it/s, v_num=0]
Epoch 0:  11%|█         | 7/64 [00:11<01:32,  0.62it/s, v_num=0]
Epoch 0:  12%|█▎        | 8/64 [00:11<01:19,  0.70it/s, v_num=0]
Epoch 0:  12%|█▎        | 8/64 [00:11<01:19,  0.70it/s, v_num=0]
Epoch 0:  14%|█▍        | 9/64 [00:11<01:10,  0.78it/s, v_num=0]
Epoch 0:  14%|█▍        | 9/64 [00:11<01:10,  0.78it/s, v_num=0]
Epoch 0:  16%|█▌        | 10/64 [00:11<01:02,  0.87it/s, v_num=0]
Epoch 0:  16%|█▌        | 10/64 [00:11<01:02,  0.87it/s, v_num=0]
Epoch 0:  17%|█▋        | 11/64 [00:11<00:55,  0.95it/s, v_num=0]
Epoch 0:  17%|█▋        | 11/64 [00:11<00:55,  0.95it/s, v_num=0]
Epoch 0:  19%|█▉        | 12/64 [00:11<00:50,  1.03it/s, v_num=0]
Epoch 0:  19%|█▉        | 12/64 [00:11<00:50,  1.03it/s, v_num=0]
Epoch 0:  20%|██        | 13/64 [00:11<00:45,  1.11it/s, v_num=0]
Epoch 0:  20%|██        | 13/64 [00:11<00:45,  1.11it/s, v_num=0]
Epoch 0:  22%|██▏       | 14/64 [00:11<00:42,  1.19it/s, v_num=0]
Epoch 0:  22%|██▏       | 14/64 [00:11<00:42,  1.19it/s, v_num=0]
Epoch 0:  23%|██▎       | 15/64 [00:11<00:38,  1.27it/s, v_num=0]
Epoch 0:  23%|██▎       | 15/64 [00:11<00:38,  1.27it/s, v_num=0]
Epoch 0:  25%|██▌       | 16/64 [00:11<00:35,  1.34it/s, v_num=0]
Epoch 0:  25%|██▌       | 16/64 [00:11<00:35,  1.34it/s, v_num=0]
Epoch 0:  27%|██▋       | 17/64 [00:11<00:33,  1.42it/s, v_num=0]
Epoch 0:  27%|██▋       | 17/64 [00:11<00:33,  1.42it/s, v_num=0]
Epoch 0:  28%|██▊       | 18/64 [00:12<00:30,  1.50it/s, v_num=0]
Epoch 0:  28%|██▊       | 18/64 [00:12<00:30,  1.50it/s, v_num=0]
Epoch 0:  30%|██▉       | 19/64 [00:12<00:28,  1.57it/s, v_num=0]
Epoch 0:  30%|██▉       | 19/64 [00:12<00:28,  1.57it/s, v_num=0]
Epoch 0:  31%|███▏      | 20/64 [00:12<00:26,  1.65it/s, v_num=0]
Epoch 0:  31%|███▏      | 20/64 [00:12<00:26,  1.65it/s, v_num=0]
Epoch 0:  33%|███▎      | 21/64 [00:12<00:25,  1.72it/s, v_num=0]
Epoch 0:  33%|███▎      | 21/64 [00:12<00:25,  1.72it/s, v_num=0]
Epoch 0:  34%|███▍      | 22/64 [00:12<00:23,  1.79it/s, v_num=0]
Epoch 0:  34%|███▍      | 22/64 [00:12<00:23,  1.79it/s, v_num=0]
Epoch 0:  36%|███▌      | 23/64 [00:12<00:21,  1.86it/s, v_num=0]
Epoch 0:  36%|███▌      | 23/64 [00:12<00:21,  1.86it/s, v_num=0]
Epoch 0:  38%|███▊      | 24/64 [00:12<00:20,  1.94it/s, v_num=0]
Epoch 0:  38%|███▊      | 24/64 [00:12<00:20,  1.94it/s, v_num=0]
Epoch 0:  39%|███▉      | 25/64 [00:12<00:19,  2.01it/s, v_num=0]
Epoch 0:  39%|███▉      | 25/64 [00:12<00:19,  2.01it/s, v_num=0]
Epoch 0:  41%|████      | 26/64 [00:12<00:18,  2.08it/s, v_num=0]
Epoch 0:  41%|████      | 26/64 [00:12<00:18,  2.08it/s, v_num=0]
Epoch 0:  42%|████▏     | 27/64 [00:12<00:17,  2.15it/s, v_num=0]
Epoch 0:  42%|████▏     | 27/64 [00:12<00:17,  2.15it/s, v_num=0]
Epoch 0:  44%|████▍     | 28/64 [00:12<00:16,  2.21it/s, v_num=0]
Epoch 0:  44%|████▍     | 28/64 [00:12<00:16,  2.21it/s, v_num=0]
Epoch 0:  45%|████▌     | 29/64 [00:12<00:15,  2.28it/s, v_num=0]
Epoch 0:  45%|████▌     | 29/64 [00:12<00:15,  2.28it/s, v_num=0]
Epoch 0:  47%|████▋     | 30/64 [00:12<00:14,  2.35it/s, v_num=0]
Epoch 0:  47%|████▋     | 30/64 [00:12<00:14,  2.35it/s, v_num=0]
Epoch 0:  48%|████▊     | 31/64 [00:12<00:13,  2.42it/s, v_num=0]
Epoch 0:  48%|████▊     | 31/64 [00:12<00:13,  2.42it/s, v_num=0]
Epoch 0:  50%|█████     | 32/64 [00:12<00:12,  2.48it/s, v_num=0]
Epoch 0:  50%|█████     | 32/64 [00:12<00:12,  2.48it/s, v_num=0]
Epoch 0:  52%|█████▏    | 33/64 [00:12<00:12,  2.55it/s, v_num=0]
Epoch 0:  52%|█████▏    | 33/64 [00:12<00:12,  2.55it/s, v_num=0]
Epoch 0:  53%|█████▎    | 34/64 [00:13<00:11,  2.61it/s, v_num=0]
Epoch 0:  53%|█████▎    | 34/64 [00:13<00:11,  2.61it/s, v_num=0]
Epoch 0:  55%|█████▍    | 35/64 [00:13<00:10,  2.68it/s, v_num=0]
Epoch 0:  55%|█████▍    | 35/64 [00:13<00:10,  2.68it/s, v_num=0]
Epoch 0:  56%|█████▋    | 36/64 [00:13<00:10,  2.74it/s, v_num=0]
Epoch 0:  56%|█████▋    | 36/64 [00:13<00:10,  2.74it/s, v_num=0]
Epoch 0:  58%|█████▊    | 37/64 [00:13<00:09,  2.81it/s, v_num=0]
Epoch 0:  58%|█████▊    | 37/64 [00:13<00:09,  2.81it/s, v_num=0]
Epoch 0:  59%|█████▉    | 38/64 [00:13<00:09,  2.87it/s, v_num=0]
Epoch 0:  59%|█████▉    | 38/64 [00:13<00:09,  2.87it/s, v_num=0]
Epoch 0:  61%|██████    | 39/64 [00:13<00:08,  2.93it/s, v_num=0]
Epoch 0:  61%|██████    | 39/64 [00:13<00:08,  2.93it/s, v_num=0]
Epoch 0:  62%|██████▎   | 40/64 [00:13<00:08,  2.99it/s, v_num=0]
Epoch 0:  62%|██████▎   | 40/64 [00:13<00:08,  2.99it/s, v_num=0]
Epoch 0:  64%|██████▍   | 41/64 [00:13<00:07,  3.05it/s, v_num=0]
Epoch 0:  64%|██████▍   | 41/64 [00:13<00:07,  3.05it/s, v_num=0]
Epoch 0:  66%|██████▌   | 42/64 [00:13<00:07,  3.11it/s, v_num=0]
Epoch 0:  66%|██████▌   | 42/64 [00:13<00:07,  3.11it/s, v_num=0]
Epoch 0:  67%|██████▋   | 43/64 [00:13<00:06,  3.17it/s, v_num=0]
Epoch 0:  67%|██████▋   | 43/64 [00:13<00:06,  3.17it/s, v_num=0]
Epoch 0:  69%|██████▉   | 44/64 [00:13<00:06,  3.23it/s, v_num=0]
Epoch 0:  69%|██████▉   | 44/64 [00:13<00:06,  3.23it/s, v_num=0]
Epoch 0:  70%|███████   | 45/64 [00:13<00:05,  3.29it/s, v_num=0]
Epoch 0:  70%|███████   | 45/64 [00:13<00:05,  3.29it/s, v_num=0]
Epoch 0:  72%|███████▏  | 46/64 [00:13<00:05,  3.35it/s, v_num=0]
Epoch 0:  72%|███████▏  | 46/64 [00:13<00:05,  3.35it/s, v_num=0]
Epoch 0:  73%|███████▎  | 47/64 [00:13<00:04,  3.40it/s, v_num=0]
Epoch 0:  73%|███████▎  | 47/64 [00:13<00:04,  3.40it/s, v_num=0]
Epoch 0:  75%|███████▌  | 48/64 [00:13<00:04,  3.46it/s, v_num=0]
Epoch 0:  75%|███████▌  | 48/64 [00:13<00:04,  3.46it/s, v_num=0]
Epoch 0:  77%|███████▋  | 49/64 [00:13<00:04,  3.52it/s, v_num=0]
Epoch 0:  77%|███████▋  | 49/64 [00:13<00:04,  3.52it/s, v_num=0]
Epoch 0:  78%|███████▊  | 50/64 [00:13<00:03,  3.57it/s, v_num=0]
Epoch 0:  78%|███████▊  | 50/64 [00:13<00:03,  3.57it/s, v_num=0]
Epoch 0:  80%|███████▉  | 51/64 [00:14<00:03,  3.63it/s, v_num=0]
Epoch 0:  80%|███████▉  | 51/64 [00:14<00:03,  3.63it/s, v_num=0]
Epoch 0:  81%|████████▏ | 52/64 [00:14<00:03,  3.69it/s, v_num=0]
Epoch 0:  81%|████████▏ | 52/64 [00:14<00:03,  3.69it/s, v_num=0]
Epoch 0:  83%|████████▎ | 53/64 [00:14<00:02,  3.74it/s, v_num=0]
Epoch 0:  83%|████████▎ | 53/64 [00:14<00:02,  3.74it/s, v_num=0]
Epoch 0:  84%|████████▍ | 54/64 [00:14<00:02,  3.80it/s, v_num=0]
Epoch 0:  84%|████████▍ | 54/64 [00:14<00:02,  3.80it/s, v_num=0]
Epoch 0:  86%|████████▌ | 55/64 [00:14<00:02,  3.85it/s, v_num=0]
Epoch 0:  86%|████████▌ | 55/64 [00:14<00:02,  3.85it/s, v_num=0]
Epoch 0:  88%|████████▊ | 56/64 [00:14<00:02,  3.90it/s, v_num=0]
Epoch 0:  88%|████████▊ | 56/64 [00:14<00:02,  3.90it/s, v_num=0]
Epoch 0:  89%|████████▉ | 57/64 [00:14<00:01,  3.96it/s, v_num=0]
Epoch 0:  89%|████████▉ | 57/64 [00:14<00:01,  3.96it/s, v_num=0]
Epoch 0:  91%|█████████ | 58/64 [00:14<00:01,  4.01it/s, v_num=0]
Epoch 0:  91%|█████████ | 58/64 [00:14<00:01,  4.01it/s, v_num=0]
Epoch 0:  92%|█████████▏| 59/64 [00:14<00:01,  4.06it/s, v_num=0]
Epoch 0:  92%|█████████▏| 59/64 [00:14<00:01,  4.06it/s, v_num=0]
Epoch 0:  94%|█████████▍| 60/64 [00:14<00:00,  4.12it/s, v_num=0]
Epoch 0:  94%|█████████▍| 60/64 [00:14<00:00,  4.12it/s, v_num=0]
Epoch 0:  95%|█████████▌| 61/64 [00:14<00:00,  4.17it/s, v_num=0]
Epoch 0:  95%|█████████▌| 61/64 [00:14<00:00,  4.17it/s, v_num=0]
Epoch 0:  97%|█████████▋| 62/64 [00:14<00:00,  4.22it/s, v_num=0]
Epoch 0:  97%|█████████▋| 62/64 [00:14<00:00,  4.22it/s, v_num=0]
Epoch 0:  98%|█████████▊| 63/64 [00:14<00:00,  4.27it/s, v_num=0]
Epoch 0:  98%|█████████▊| 63/64 [00:14<00:00,  4.27it/s, v_num=0]
Epoch 0: 100%|██████████| 64/64 [00:14<00:00,  4.32it/s, v_num=0]
Epoch 0: 100%|██████████| 64/64 [00:14<00:00,  4.32it/s, v_num=0]
Epoch 0: 100%|██████████| 64/64 [00:14<00:00,  4.32it/s, v_num=0, train_loss=7.34e+4]
Epoch 0: 100%|██████████| 64/64 [00:14<00:00,  4.32it/s, v_num=0, train_loss=7.34e+4]
Training complete. Train files: 1 Test files: 0
Artifacts saved to: docs/runs/artifacts/autoencoded-vocal-analysis-4xy/20260212-180754-mps-smoke-autoencoded-vocal-analysis-4xy/training_run

